<?xml version="1.0" encoding="UTF-8" ?>
<testsuite tests="8" failures="0" name="com.stackroute.unittest.asserts.EmployeeEmailTest" time="0.009" errors="0" skipped="0">
  <properties>
[...]
</properties>
  <testcase classname="com.stackroute.unittest.asserts.EmployeeEmailTest" name="testIfObjectsAreSame" time="0.006"/>
  <testcase classname="com.stackroute.unittest.asserts.EmployeeEmailTest" name="testValidEmailId" time="0"/>
  <testcase classname="com.stackroute.unittest.asserts.EmployeeEmailTest" name="testAddEmailIdWithDuplicateKey" time="0"/>
  <testcase classname="com.stackroute.unittest.asserts.EmployeeEmailTest" name="testAddEmailId" time="0"/>
  <testcase classname="com.stackroute.unittest.asserts.EmployeeEmailTest" name="testGetNonExistingEmailId" time="0"/>
  <testcase classname="com.stackroute.unittest.asserts.EmployeeEmailTest" name="testInvalidEmailId" time="0"/>
  <testcase classname="com.stackroute.unittest.asserts.EmployeeEmailTest" name="testGetExistingEmailId" time="0.003"/>
  <testcase classname="com.stackroute.unittest.asserts.EmployeeEmailTest" name="testIfObjectsAreNotSame" time="0"/>
</testsuite>